<?xml version="1.0" encoding="UTF-8"?>
<testng-results ignored="0" total="1" passed="1" failed="0" skipped="0">
  <reporter-output>
  </reporter-output>
  <suite started-at="2025-07-24T18:35:01 IST" name="Default suite" finished-at="2025-07-24T18:35:05 IST" duration-ms="3957">
    <groups>
    </groups>
    <test started-at="2025-07-24T18:35:01 IST" name="Default test" finished-at="2025-07-24T18:35:05 IST" duration-ms="3957">
      <class name="testcases.logintestcase">
        <test-method is-config="true" signature="launch()[pri:0, instance:testcases.logintestcase@630cb4a4]" started-at="2025-07-24T18:35:01 IST" name="launch" finished-at="2025-07-24T18:35:05 IST" duration-ms="3904" status="PASS">
          <reporter-output>
          </reporter-output>
        </test-method> <!-- launch -->
        <test-method signature="login()[pri:0, instance:testcases.logintestcase@630cb4a4]" started-at="2025-07-24T18:35:05 IST" name="login" finished-at="2025-07-24T18:35:05 IST" duration-ms="6" status="PASS">
          <reporter-output>
          </reporter-output>
        </test-method> <!-- login -->
        <test-method is-config="true" signature="close()[pri:0, instance:testcases.logintestcase@630cb4a4]" started-at="2025-07-24T18:35:05 IST" name="close" finished-at="2025-07-24T18:35:05 IST" duration-ms="0" status="PASS">
          <reporter-output>
          </reporter-output>
        </test-method> <!-- close -->
      </class> <!-- testcases.logintestcase -->
    </test> <!-- Default test -->
  </suite> <!-- Default suite -->
</testng-results>
